{
  "0 debug pnpm:scope": {
    "selected": 1
  },
  "1 error pnpm": {
    "errno": 1,
    "code": "ELIFECYCLE",
    "pkgid": "e-lucidum@0.0.0",
    "stage": "dev",
    "script": "vite",
    "pkgname": "e-lucidum",
    "err": {
      "name": "pnpm",
      "message": "e-lucidum@0.0.0 dev: `vite`\nExit status 1",
      "code": "ELIFECYCLE",
      "stack": "pnpm: e-lucidum@0.0.0 dev: `vite`\nExit status 1\n    at EventEmitter.<anonymous> (C:\\Users\\GET_MOUSSED\\AppData\\Roaming\\npm\\node_modules\\pnpm\\dist\\pnpm.cjs:105794:20)\n    at EventEmitter.emit (node:events:512:28)\n    at ChildProcess.<anonymous> (C:\\Users\\GET_MOUSSED\\AppData\\Roaming\\npm\\node_modules\\pnpm\\dist\\pnpm.cjs:92355:18)\n    at ChildProcess.emit (node:events:512:28)\n    at maybeClose (node:internal/child_process:1098:16)\n    at ChildProcess._handle.onexit (node:internal/child_process:304:5)"
    }
  },
  "2 warn pnpm:global": " Local package.json exists, but node_modules missing, did you mean to install?"
}